<?xml version="1.0" encoding="UTF-8"?>
<!-- Generated by org.testng.reporters.JUnitReportReporter -->
<testsuite hostname="DESKTOP-SBPSD0C" failures="0" tests="1" name="MyPackage.MyFirstClass" time="55.567" errors="0" timestamp="2023-10-16T12:06:45 EET" skipped="0">
  <testcase classname="MyPackage.MyFirstClass" name="testOneApp" time="55.567"/>
  <system-out/>
</testsuite> <!-- MyPackage.MyFirstClass -->
